2025-08-11T16:29:17 | touched: src/main.rs
2025-10-09T15:33:01 | touched: src/lib.rs
2025-12-16T06:50:34 | touched: Cargo.toml
2026-01-03T08:05:30 | touched: README.md
2025-05-13T13:02:01 | touched: src/main.rs
2026-01-06T19:14:14 | touched: README.md
2026-01-06T00:48:03 | touched: src/main.rs
2025-06-21T08:40:43 | touched: Cargo.toml
2025-04-30T06:08:45 | touched: README.md
2025-03-11T05:42:36 | touched: Cargo.toml
2025-10-31T12:14:04 | touched: README.md
2025-10-15T03:15:42 | touched: README.md
2025-09-12T07:28:18 | touched: Cargo.toml
2025-08-24T03:55:13 | touched: Cargo.toml
2025-05-19T21:49:02 | touched: README.md
2025-04-21T21:09:50 | touched: src/lib.rs
2025-06-18T14:50:47 | touched: Cargo.toml
2025-07-16T22:58:35 | touched: src/main.rs
2025-04-07T14:01:10 | touched: Cargo.toml
2025-02-08T01:44:15 | touched: README.md
2025-03-26T19:52:47 | touched: LICENSE
2025-04-27T22:06:10 | touched: src/main.rs
2025-12-08T05:03:18 | touched: src/main.rs
2025-01-03T06:44:14 | touched: Cargo.toml
2025-07-16T07:52:32 | touched: LICENSE
